<?xml version="1.0" encoding="UTF-8"?>
<!-- Generated by org.testng.reporters.JUnitXMLReporter -->
<testsuite ignored="2" hostname="DESKTOP-9O9S1LF" failures="0" tests="0" time="0.002" errors="0" timestamp="2022-06-12T07:39:17 IST">
  <testcase classname="com.crm.orginization.CreateOrginizationWithIndustryAndVerifyTest" name="createOrginizationWithIndustryAndVerifyTest" time="0.0">
    <ignored/>
  </testcase> <!-- createOrginizationWithIndustryAndVerifyTest -->
  <testcase classname="com.crm.orginization.CreateOrginizationAndVerifyTest" name="createOrginizationAndVerifyTest" time="0.0">
    <ignored/>
  </testcase> <!-- createOrginizationAndVerifyTest -->
</testsuite>
